Compilación iniciada a las 15/06/2015 05:28:05 p.m..
     1>Proyecto "C:\Users\Diego\Documents\GitHub\Laboratorio6-Pila\LaboratorioPila\LaboratorioPila\LaboratorioPila.vcxproj" en el nodo 2 (Build destinos).
     1>ClCompile:
         C:\Program Files (x86)\Microsoft Visual Studio 12.0\VC\bin\CL.exe /c /ZI /nologo /W3 /WX- /sdl /Od /Oy- /D WIN32 /D _DEBUG /D _CONSOLE /D _LIB /D _UNICODE /D UNICODE /Gm /EHsc /RTC1 /MDd /GS /fp:precise /Zc:wchar_t /Zc:forScope /Yu"stdafx.h" /Fp"Debug\LaboratorioPila.pch" /Fo"Debug\\" /Fd"Debug\vc120.pdb" /Gd /TP /analyze- /errorReport:prompt Elemento.cpp ElementoDouble.cpp ElementoInt.cpp
         ElementoInt.cpp
         ElementoDouble.cpp
         Elemento.cpp
         Generando código...
       Link:
         C:\Program Files (x86)\Microsoft Visual Studio 12.0\VC\bin\link.exe /ERRORREPORT:PROMPT /OUT:"C:\Users\Diego\Documents\GitHub\Laboratorio6-Pila\LaboratorioPila\Debug\LaboratorioPila.exe" /INCREMENTAL /NOLOGO kernel32.lib user32.lib gdi32.lib winspool.lib comdlg32.lib advapi32.lib shell32.lib ole32.lib oleaut32.lib uuid.lib odbc32.lib odbccp32.lib /MANIFEST /MANIFESTUAC:"level='asInvoker' uiAccess='false'" /manifest:embed /DEBUG /PDB:"C:\Users\Diego\Documents\GitHub\Laboratorio6-Pila\LaboratorioPila\Debug\LaboratorioPila.pdb" /SUBSYSTEM:CONSOLE /TLBID:1 /DYNAMICBASE /NXCOMPAT /IMPLIB:"C:\Users\Diego\Documents\GitHub\Laboratorio6-Pila\LaboratorioPila\Debug\LaboratorioPila.lib" /MACHINE:X86 Debug\Elemento.obj
         Debug\ElementoDouble.obj
         Debug\ElementoInt.obj
         Debug\ElementoPersona.obj
         Debug\Main.obj
         Debug\Persona.obj
         Debug\Pila.obj
         Debug\stdafx.obj
         LaboratorioPila.vcxproj -> C:\Users\Diego\Documents\GitHub\Laboratorio6-Pila\LaboratorioPila\Debug\LaboratorioPila.exe
     1>Compilación del proyecto terminada "C:\Users\Diego\Documents\GitHub\Laboratorio6-Pila\LaboratorioPila\LaboratorioPila\LaboratorioPila.vcxproj" (Build destinos).

Compilación correcta.

Tiempo transcurrido 00:00:00.93
